2025-07-13 00:43:55,092 - INFO - 🚀 Webots控制服务器启动中...
2025-07-13 00:43:55,093 - INFO - 🔍 正在加载场景配置...
2025-07-13 00:43:55,093 - INFO - 场景配置文件加载成功: configs/scene_configs.json
2025-07-13 00:43:55,093 - INFO - 正在扫描场景中的标签点...
2025-07-13 00:43:55,094 - INFO - 场景配置更新完成
2025-07-13 00:43:55,095 - INFO - Flask服务器启动
2025-07-13 00:44:31,908 - INFO - 启动前清理所有Webots进程...
2025-07-13 00:44:31,924 - INFO - 找到 23 个 Webots 进程
2025-07-13 00:44:31,924 - INFO - 发送SIGTERM到Webots进程 3959
2025-07-13 00:44:32,025 - INFO - 发送SIGTERM到Webots进程 3964
2025-07-13 00:44:33,140 - INFO - 所有Webots进程已成功终止
2025-07-13 00:44:33,154 - INFO - 未找到运行中的Xvfb进程
2025-07-13 00:44:33,154 - INFO - 已清理当前场景信息
2025-07-13 00:44:33,154 - INFO - 选择场景: 3 - Box Moving Scene V2 v1.0.0
2025-07-13 00:44:33,184 - INFO - Webots进程启动成功，PID: 4964, 场景: Box Moving Scene V2, 场景ID: 3, 版本: 1.0.0
2025-07-13 00:44:33,184 - INFO - 等待Supervisor更新世界状态...
2025-07-13 00:45:16,229 - INFO - Supervisor已更新世界状态，场景加载完成
2025-07-13 00:46:28,203 - INFO - 找到 24 个 Webots 进程
2025-07-13 00:46:28,203 - INFO - 发送SIGTERM到Webots进程 4964
2025-07-13 00:46:28,304 - INFO - 发送SIGTERM到Webots进程 4976
2025-07-13 00:46:28,404 - INFO - 发送SIGTERM到Webots进程 4979
2025-07-13 00:46:29,539 - INFO - 所有Webots进程已成功终止
2025-07-13 00:46:29,554 - INFO - 找到 2 个 Xvfb 进程
2025-07-13 00:46:29,554 - INFO - 发送SIGTERM到Xvfb进程 4964
2025-07-13 00:46:29,655 - INFO - 发送SIGTERM到Xvfb进程 4973
2025-07-13 00:46:30,774 - WARNING - 发现 1 个残留的Xvfb进程，强制杀死
2025-07-13 00:46:30,774 - WARNING - 强制杀死Xvfb进程 4964
2025-07-13 00:46:30,775 - INFO - 已清理当前场景信息
2025-07-13 00:46:30,775 - INFO - 主 Flask 服务器活动日志已保存至 log/flask_server_activity_log.json
2025-07-13 00:46:30,777 - INFO - Supervisor 世界状态日志已保存至 log/supervisor_world_status_log.json
2025-07-13 00:46:30,777 - INFO - 整合Flask服务器停止
2025-07-13 00:46:30,777 - INFO - 服务器已安全停止
2025-07-13 00:46:31,817 - INFO - 🚀 Webots控制服务器启动中...
2025-07-13 00:46:31,819 - INFO - 🔍 正在加载场景配置...
2025-07-13 00:46:31,820 - INFO - 场景配置文件加载成功: configs/scene_configs.json
2025-07-13 00:46:31,820 - INFO - 正在扫描场景中的标签点...
2025-07-13 00:46:31,829 - INFO - 场景配置更新完成
2025-07-13 00:46:31,829 - INFO - Flask服务器启动
2025-07-13 00:46:38,324 - INFO - 启动前清理所有Webots进程...
2025-07-13 00:46:38,339 - INFO - 未找到运行中的Webots进程
2025-07-13 00:46:38,354 - INFO - 未找到运行中的Xvfb进程
2025-07-13 00:46:38,354 - INFO - 选择场景: 3 - Box Moving Scene V2 v1.0.0
2025-07-13 00:46:38,357 - INFO - Webots进程启动成功，PID: 5725, 场景: Box Moving Scene V2, 场景ID: 3, 版本: 1.0.0
2025-07-13 00:46:38,358 - INFO - 等待Supervisor更新世界状态...
2025-07-13 00:47:20,400 - INFO - Supervisor已更新世界状态，场景加载完成
2025-07-13 00:50:00,441 - INFO - 找到 47 个 Webots 进程
2025-07-13 00:50:00,441 - INFO - 发送SIGTERM到Webots进程 5725
2025-07-13 00:50:00,542 - INFO - 发送SIGTERM到Webots进程 5737
2025-07-13 00:50:00,642 - INFO - 发送SIGTERM到Webots进程 5740
2025-07-13 00:50:00,742 - INFO - 发送SIGTERM到Webots进程 5826
2025-07-13 00:50:00,843 - INFO - 发送SIGTERM到Webots进程 5827
2025-07-13 00:50:00,943 - INFO - 发送SIGTERM到Webots进程 5828
2025-07-13 00:50:01,043 - INFO - 发送SIGTERM到Webots进程 5829
2025-07-13 00:50:01,144 - INFO - 发送SIGTERM到Webots进程 5830
2025-07-13 00:50:01,244 - INFO - 发送SIGTERM到Webots进程 5831
2025-07-13 00:50:01,345 - INFO - 发送SIGTERM到Webots进程 5832
2025-07-13 00:50:01,445 - INFO - 发送SIGTERM到Webots进程 5833
2025-07-13 00:50:01,545 - INFO - 发送SIGTERM到Webots进程 5834
2025-07-13 00:50:01,646 - INFO - 发送SIGTERM到Webots进程 5835
2025-07-13 00:50:01,746 - INFO - 发送SIGTERM到Webots进程 5836
2025-07-13 00:50:01,846 - INFO - 发送SIGTERM到Webots进程 5837
2025-07-13 00:50:01,947 - INFO - 发送SIGTERM到Webots进程 5838
2025-07-13 00:50:02,047 - INFO - 发送SIGTERM到Webots进程 5839
2025-07-13 00:50:02,147 - INFO - 发送SIGTERM到Webots进程 5840
2025-07-13 00:50:02,248 - INFO - 发送SIGTERM到Webots进程 5841
2025-07-13 00:50:02,348 - INFO - 发送SIGTERM到Webots进程 5842
2025-07-13 00:50:02,448 - INFO - 发送SIGTERM到Webots进程 5843
2025-07-13 00:50:02,549 - INFO - 发送SIGTERM到Webots进程 5844
2025-07-13 00:50:02,649 - INFO - 发送SIGTERM到Webots进程 5845
2025-07-13 00:50:02,750 - INFO - 发送SIGTERM到Webots进程 5846
2025-07-13 00:50:02,850 - INFO - 发送SIGTERM到Webots进程 6120
2025-07-13 00:50:02,950 - INFO - 发送SIGTERM到Webots进程 6125
2025-07-13 00:50:04,066 - WARNING - 发现 2 个残留的Webots进程，强制杀死
2025-07-13 00:50:04,066 - WARNING - 强制杀死Webots进程 5737
2025-07-13 00:50:04,067 - WARNING - 强制杀死Webots进程 5740
2025-07-13 00:50:04,081 - INFO - 找到 2 个 Xvfb 进程
2025-07-13 00:50:04,082 - INFO - 发送SIGTERM到Xvfb进程 5725
2025-07-13 00:50:04,182 - INFO - 发送SIGTERM到Xvfb进程 5734
2025-07-13 00:50:05,301 - WARNING - 发现 1 个残留的Xvfb进程，强制杀死
2025-07-13 00:50:05,301 - WARNING - 强制杀死Xvfb进程 5725
2025-07-13 00:50:05,302 - INFO - 已清理当前场景信息
2025-07-13 00:50:05,302 - INFO - 主 Flask 服务器活动日志已保存至 log/flask_server_activity_log.json
2025-07-13 00:50:05,310 - INFO - Supervisor 世界状态日志已保存至 log/supervisor_world_status_log.json
2025-07-13 00:50:05,310 - INFO - 整合Flask服务器停止
2025-07-13 00:50:05,310 - INFO - 服务器已安全停止
2025-07-13 00:50:07,288 - INFO - 🚀 Webots控制服务器启动中...
2025-07-13 00:50:07,291 - INFO - 🔍 正在加载场景配置...
2025-07-13 00:50:07,292 - INFO - 场景配置文件加载成功: configs/scene_configs.json
2025-07-13 00:50:07,292 - INFO - 正在扫描场景中的标签点...
2025-07-13 00:50:07,301 - INFO - 场景配置更新完成
2025-07-13 00:50:07,302 - INFO - Flask服务器启动
2025-07-13 00:56:16,350 - INFO - 找到 23 个 Webots 进程
2025-07-13 00:56:16,350 - INFO - 发送SIGTERM到Webots进程 7591
2025-07-13 00:56:16,451 - INFO - 发送SIGTERM到Webots进程 7596
2025-07-13 00:56:17,583 - INFO - 所有Webots进程已成功终止
2025-07-13 00:56:17,602 - INFO - 未找到运行中的Xvfb进程
2025-07-13 00:56:17,602 - INFO - 已清理当前场景信息
2025-07-13 00:56:17,603 - INFO - 主 Flask 服务器活动日志已保存至 log/flask_server_activity_log.json
2025-07-13 00:56:17,607 - INFO - Supervisor 世界状态日志已保存至 log/supervisor_world_status_log.json
2025-07-13 00:56:17,607 - INFO - 整合Flask服务器停止
2025-07-13 00:56:17,607 - INFO - 服务器已安全停止
2025-07-13 00:56:18,588 - INFO - 🚀 Webots控制服务器启动中...
2025-07-13 00:56:18,589 - INFO - 🔍 正在加载场景配置...
2025-07-13 00:56:18,589 - INFO - 场景配置文件加载成功: configs/scene_configs.json
2025-07-13 00:56:18,589 - INFO - 正在扫描场景中的标签点...
2025-07-13 00:56:18,592 - INFO - 场景配置更新完成
2025-07-13 00:56:18,592 - INFO - Flask服务器启动
2025-07-13 00:57:02,293 - INFO - 找到 2 个 Webots 进程
2025-07-13 00:57:02,293 - INFO - 发送SIGTERM到Webots进程 10087
2025-07-13 00:57:02,393 - INFO - 发送SIGTERM到Webots进程 10092
2025-07-13 00:57:03,531 - INFO - 所有Webots进程已成功终止
2025-07-13 00:57:03,547 - INFO - 未找到运行中的Xvfb进程
2025-07-13 00:57:03,547 - INFO - 已清理当前场景信息
2025-07-13 00:57:03,548 - INFO - 主 Flask 服务器活动日志已保存至 log/flask_server_activity_log.json
2025-07-13 00:57:03,548 - INFO - Supervisor 世界状态日志已保存至 log/supervisor_world_status_log.json
2025-07-13 00:57:03,548 - INFO - 整合Flask服务器停止
2025-07-13 00:57:03,548 - INFO - 服务器已安全停止
2025-07-13 00:57:04,564 - INFO - 🚀 Webots控制服务器启动中...
2025-07-13 00:57:04,565 - INFO - 🔍 正在加载场景配置...
2025-07-13 00:57:04,565 - INFO - 场景配置文件加载成功: configs/scene_configs.json
2025-07-13 00:57:04,566 - INFO - 正在扫描场景中的标签点...
2025-07-13 00:57:04,569 - INFO - 场景配置更新完成
2025-07-13 00:57:04,569 - INFO - Flask服务器启动
2025-07-13 00:58:49,182 - INFO - 未找到运行中的Webots进程
2025-07-13 00:58:49,197 - INFO - 未找到运行中的Xvfb进程
2025-07-13 00:58:49,197 - INFO - 主 Flask 服务器活动日志已保存至 log/flask_server_activity_log.json
2025-07-13 00:58:49,197 - INFO - Supervisor 世界状态日志已保存至 log/supervisor_world_status_log.json
2025-07-13 00:58:49,198 - INFO - 整合Flask服务器停止
2025-07-13 00:58:49,198 - INFO - 服务器已安全停止
2025-07-13 00:58:50,668 - INFO - 🚀 Webots控制服务器启动中...
2025-07-13 00:58:50,668 - INFO - 🔍 正在加载场景配置...
2025-07-13 00:58:50,669 - INFO - 场景配置文件加载成功: configs/scene_configs.json
2025-07-13 00:58:50,669 - INFO - 正在扫描场景中的标签点...
2025-07-13 00:58:50,670 - INFO - 场景配置更新完成
2025-07-13 00:58:50,670 - INFO - Flask服务器启动
2025-07-13 00:59:55,731 - INFO - 找到 23 个 Webots 进程
2025-07-13 00:59:55,732 - INFO - 发送SIGTERM到Webots进程 10471
2025-07-13 00:59:55,832 - INFO - 发送SIGTERM到Webots进程 10476
2025-07-13 00:59:56,969 - INFO - 所有Webots进程已成功终止
2025-07-13 00:59:56,984 - INFO - 未找到运行中的Xvfb进程
2025-07-13 00:59:56,984 - INFO - 已清理当前场景信息
2025-07-13 00:59:56,986 - INFO - 主 Flask 服务器活动日志已保存至 log/flask_server_activity_log.json
2025-07-13 00:59:56,989 - INFO - Supervisor 世界状态日志已保存至 log/supervisor_world_status_log.json
2025-07-13 00:59:56,989 - INFO - 整合Flask服务器停止
2025-07-13 00:59:56,989 - INFO - 服务器已安全停止
